2017-04-24 09:30:13,865 p=25970 u=doronshai |  - extracting oracle-java to /Users/doronshai/code/openldap/galaxy-roles/oracle-java
2017-04-24 09:30:13,876 p=25970 u=doronshai |  - oracle-java was installed successfully
2017-04-24 09:30:16,043 p=25970 u=doronshai |  - downloading role 'git', owned by geerlingguy
2017-04-24 09:30:18,653 p=25970 u=doronshai |  - downloading role from https://github.com/geerlingguy/ansible-role-git/archive/1.3.0.tar.gz
2017-04-24 09:30:22,214 p=25970 u=doronshai |  - extracting geerlingguy.git to /Users/doronshai/code/openldap/galaxy-roles/geerlingguy.git
2017-04-24 09:30:22,219 p=25970 u=doronshai |  - geerlingguy.git was installed successfully
2017-04-24 09:30:23,353 p=25970 u=doronshai |  - downloading role 'gradle', owned by shelleg
2017-04-24 09:30:26,278 p=25970 u=doronshai |  - downloading role from https://github.com/shelleg/ansible-role-gradle/archive/master.tar.gz
2017-04-24 09:30:29,502 p=25970 u=doronshai |  - extracting shelleg.gradle to /Users/doronshai/code/openldap/galaxy-roles/shelleg.gradle
2017-04-24 09:30:29,506 p=25970 u=doronshai |  - shelleg.gradle was installed successfully
2017-04-24 09:30:30,622 p=25970 u=doronshai |  - downloading role 'maven', owned by shelleg
2017-04-24 09:30:32,952 p=25970 u=doronshai |  - downloading role from https://github.com/shelleg/ansible-role-maven/archive/master.tar.gz
2017-04-24 09:30:35,897 p=25970 u=doronshai |  - extracting shelleg.maven to /Users/doronshai/code/openldap/galaxy-roles/shelleg.maven
2017-04-24 09:30:35,902 p=25970 u=doronshai |  - shelleg.maven was installed successfully
2017-04-24 09:30:37,350 p=25970 u=doronshai |  - downloading role 'nexus3-oss', owned by shelleg
2017-04-24 09:30:40,335 p=25970 u=doronshai |  - downloading role from https://github.com/shelleg/ansible-nexus3-oss/archive/v1.4.tar.gz
2017-04-24 09:30:44,056 p=25970 u=doronshai |  - extracting shelleg.nexus3-oss to /Users/doronshai/code/openldap/galaxy-roles/shelleg.nexus3-oss
2017-04-24 09:30:44,082 p=25970 u=doronshai |  - shelleg.nexus3-oss was installed successfully
2017-04-24 09:30:45,496 p=25970 u=doronshai |  - downloading role 'squid', owned by shelleg
2017-04-24 09:30:48,213 p=25970 u=doronshai |  - downloading role from https://github.com/shelleg/ansible-role-squid/archive/v1.0.1.tar.gz
2017-04-24 09:30:52,171 p=25970 u=doronshai |  - extracting shelleg.squid to /Users/doronshai/code/openldap/galaxy-roles/shelleg.squid
2017-04-24 09:30:52,182 p=25970 u=doronshai |  - shelleg.squid was installed successfully
2017-04-24 09:30:53,642 p=25970 u=doronshai |  - downloading role 'proxy-client', owned by shelleg
2017-04-24 09:30:57,195 p=25970 u=doronshai |  - downloading role from https://github.com/shelleg/ansible-role-proxy-client/archive/v1.0.1.tar.gz
2017-04-24 09:31:00,757 p=25970 u=doronshai |  - extracting shelleg.proxy-client to /Users/doronshai/code/openldap/galaxy-roles/shelleg.proxy-client
2017-04-24 09:31:00,764 p=25970 u=doronshai |  - shelleg.proxy-client was installed successfully
2017-04-24 09:31:02,159 p=25970 u=doronshai |  - downloading role 'juseppe', owned by shelleg
2017-04-24 09:31:05,133 p=25970 u=doronshai |  - downloading role from https://github.com/shelleg/ansible-role-juseppe/archive/master.tar.gz
2017-04-24 09:31:08,135 p=25970 u=doronshai |  - extracting shelleg.juseppe to /Users/doronshai/code/openldap/galaxy-roles/shelleg.juseppe
2017-04-24 09:31:08,141 p=25970 u=doronshai |  - shelleg.juseppe was installed successfully
2017-04-24 09:31:11,812 p=25970 u=doronshai |  - extracting shelleg.custom-jenkins to /Users/doronshai/code/openldap/galaxy-roles/shelleg.custom-jenkins
2017-04-24 09:31:11,835 p=25970 u=doronshai |  - shelleg.custom-jenkins was installed successfully
2017-04-24 09:31:13,364 p=25970 u=doronshai |  - extracting simple-docker-daemon to /Users/doronshai/code/openldap/galaxy-roles/simple-docker-daemon
2017-04-24 09:31:13,371 p=25970 u=doronshai |  - simple-docker-daemon was installed successfully
2017-04-24 09:31:14,909 p=25970 u=doronshai |  - extracting docker-registrator to /Users/doronshai/code/openldap/galaxy-roles/docker-registrator
2017-04-24 09:31:14,913 p=25970 u=doronshai |  - docker-registrator was installed successfully
2017-04-24 09:31:16,155 p=25970 u=doronshai |  - extracting portainer to /Users/doronshai/code/openldap/galaxy-roles/portainer
2017-04-24 09:31:16,158 p=25970 u=doronshai |  - portainer was installed successfully
2017-04-24 09:37:16,154 p=26178 u=doronshai |  PLAY [localhost] ***************************************************************
2017-04-24 09:37:16,219 p=26178 u=doronshai |  TASK [setup] *******************************************************************
2017-04-24 09:37:18,293 p=26178 u=doronshai |   [ERROR]: User interrupted execution

2017-04-24 09:37:25,880 p=26199 u=doronshai |  PLAY [central] *****************************************************************
2017-04-24 09:37:25,969 p=26199 u=doronshai |  TASK [setup] *******************************************************************
2017-04-24 09:37:30,253 p=26199 u=doronshai |  ok: [central]
2017-04-24 09:37:30,257 p=26199 u=doronshai |  TASK [tikal-common : set_fact] *************************************************
2017-04-24 09:37:30,340 p=26199 u=doronshai |  ok: [central]
2017-04-24 09:37:30,343 p=26199 u=doronshai |  TASK [tikal-common : Set Hostname with hostname command] ***********************
2017-04-24 09:37:38,701 p=26199 u=doronshai |  changed: [central]
2017-04-24 09:37:38,704 p=26199 u=doronshai |  TASK [tikal-common : Re-gather facts] ******************************************
2017-04-24 09:37:41,823 p=26199 u=doronshai |  ok: [central]
2017-04-24 09:37:41,826 p=26199 u=doronshai |  TASK [tikal-common : Build hosts file (backups will be made)] ******************
2017-04-24 09:37:43,637 p=26199 u=doronshai |  changed: [central]
2017-04-24 09:37:43,641 p=26199 u=doronshai |  TASK [tikal-common : Add tikal group] ******************************************
2017-04-24 09:37:45,376 p=26199 u=doronshai |  changed: [central]
2017-04-24 09:37:45,379 p=26199 u=doronshai |  TASK [tikal-common : Add tikal user] *******************************************
2017-04-24 09:37:47,278 p=26199 u=doronshai |  changed: [central]
2017-04-24 09:37:47,281 p=26199 u=doronshai |  TASK [tikal-common : Create tikal .ssh dir] ************************************
2017-04-24 09:37:49,040 p=26199 u=doronshai |  changed: [central] => (item=/home/tikal/.ssh)
2017-04-24 09:37:49,043 p=26199 u=doronshai |  TASK [tikal-common : file] *****************************************************
2017-04-24 09:37:50,681 p=26199 u=doronshai |  changed: [central]
2017-04-24 09:37:50,684 p=26199 u=doronshai |  TASK [tikal-common : Set up authorized_keys for tikal users] *******************
2017-04-24 09:37:52,592 p=26199 u=doronshai |  changed: [central] => (item=ssh-rsa AAAAB3NzaC1yc2EAAAADAQABAAABAQDWcXENVxINVdYNe0+SKnSlWaRuaYCxYLdnhdQbWB9zaR8w+AdUtrz498HSApyUKWYB+EwvIBCgAqZP+l/zaxE1tZB6fjyGgUX5Rir868PQq1/ndDFu/tRzOQt7TJf4jMV7akhS42QYD3onteLhq0cR+rZ/yGDhl8+AmdtGtIVtfvFzTNxSW8sfPSEr/VWgK+ahy0abXeQ1BlWNTYaYyQvxLf1MGwEGcyQk6Z4IAOY7+4X6BNo7T2X9tJMMMnpH92BD5ESCcJHdlyGq2s8sYdlg234qMAJrwlw+ckTmpZH593wq96WPXsviDw/wFQ6VoXhu1sfI/8OsgFVALwzK1d1/)
2017-04-24 09:37:52,621 p=26199 u=doronshai |  TASK [tikal-common : Configure tikal as sudoer] ********************************
2017-04-24 09:37:57,104 p=26199 u=doronshai |  changed: [central]
2017-04-24 09:37:57,109 p=26199 u=doronshai |  TASK [tikal-common : Install pkgs] *********************************************
2017-04-24 09:38:11,603 p=26199 u=doronshai |  changed: [central] => (item=[u'vim', u'bash-completion'])
2017-04-24 09:38:11,606 p=26199 u=doronshai |  TASK [geerlingguy.git : Ensure git is installed (RedHat).] *********************
2017-04-24 09:38:17,039 p=26199 u=doronshai |  changed: [central] => (item=[u'git', u'git-svn'])
2017-04-24 09:38:17,042 p=26199 u=doronshai |  TASK [geerlingguy.git : Update apt cache (Debian).] ****************************
2017-04-24 09:38:17,062 p=26199 u=doronshai |  skipping: [central]
2017-04-24 09:38:17,065 p=26199 u=doronshai |  TASK [geerlingguy.git : Ensure git is installed (Debian).] *********************
2017-04-24 09:38:17,109 p=26199 u=doronshai |  skipping: [central] => (item=[]) 
2017-04-24 09:38:17,111 p=26199 u=doronshai |  TASK [geerlingguy.git : Ensure git's dependencies are installed (RedHat).] *****
2017-04-24 09:38:17,187 p=26199 u=doronshai |  skipping: [central] => (item=[]) 
2017-04-24 09:38:17,191 p=26199 u=doronshai |  TASK [geerlingguy.git : Ensure git's dependencies are installed (Debian).] *****
2017-04-24 09:38:17,235 p=26199 u=doronshai |  skipping: [central] => (item=[]) 
2017-04-24 09:38:17,237 p=26199 u=doronshai |  TASK [geerlingguy.git : Get installed version] *********************************
2017-04-24 09:38:17,265 p=26199 u=doronshai |  skipping: [central]
2017-04-24 09:38:17,267 p=26199 u=doronshai |  TASK [geerlingguy.git : Force git install if the version numbers do not match] *
2017-04-24 09:38:17,296 p=26199 u=doronshai |  skipping: [central]
2017-04-24 09:38:17,299 p=26199 u=doronshai |  TASK [geerlingguy.git : Download git.] *****************************************
2017-04-24 09:38:17,327 p=26199 u=doronshai |  skipping: [central]
2017-04-24 09:38:17,333 p=26199 u=doronshai |  TASK [geerlingguy.git : Expand git archive.] ***********************************
2017-04-24 09:38:17,363 p=26199 u=doronshai |  skipping: [central]
2017-04-24 09:38:17,365 p=26199 u=doronshai |  TASK [geerlingguy.git : Build git.] ********************************************
2017-04-24 09:38:17,397 p=26199 u=doronshai |  skipping: [central] => (item=all) 
2017-04-24 09:38:17,407 p=26199 u=doronshai |  skipping: [central] => (item=install) 
2017-04-24 09:38:17,413 p=26199 u=doronshai |  TASK [oracle-java : precondition - java_version] *******************************
2017-04-24 09:38:17,443 p=26199 u=doronshai |  skipping: [central]
2017-04-24 09:38:17,445 p=26199 u=doronshai |  TASK [oracle-java : precondition - java_subversion] ****************************
2017-04-24 09:38:17,473 p=26199 u=doronshai |  skipping: [central]
2017-04-24 09:38:17,476 p=26199 u=doronshai |  TASK [oracle-java : precondition - java_install_jce] ***************************
2017-04-24 09:38:17,505 p=26199 u=doronshai |  skipping: [central]
2017-04-24 09:38:17,508 p=26199 u=doronshai |  TASK [oracle-java : set general internal vars] *********************************
2017-04-24 09:38:17,546 p=26199 u=doronshai |  ok: [central]
2017-04-24 09:38:17,549 p=26199 u=doronshai |  TASK [oracle-java : set java architecture] *************************************
2017-04-24 09:38:17,589 p=26199 u=doronshai |  ok: [central]
2017-04-24 09:38:17,592 p=26199 u=doronshai |  TASK [oracle-java : set java OS for Linux] *************************************
2017-04-24 09:38:17,637 p=26199 u=doronshai |  ok: [central]
2017-04-24 09:38:17,640 p=26199 u=doronshai |  TASK [oracle-java : set java OS for Mac OS X] **********************************
2017-04-24 09:38:17,669 p=26199 u=doronshai |  skipping: [central]
2017-04-24 09:38:17,674 p=26199 u=doronshai |  TASK [oracle-java : set internal vars for 1.8.0_92 or 1.8.0_91] ****************
2017-04-24 09:38:17,716 p=26199 u=doronshai |  ok: [central]
2017-04-24 09:38:17,719 p=26199 u=doronshai |  TASK [oracle-java : set internal vars for 1.8.0_77] ****************************
2017-04-24 09:38:17,749 p=26199 u=doronshai |  skipping: [central]
2017-04-24 09:38:17,755 p=26199 u=doronshai |  TASK [oracle-java : set internal vars for 1.8.0_74] ****************************
2017-04-24 09:38:17,782 p=26199 u=doronshai |  skipping: [central]
2017-04-24 09:38:17,787 p=26199 u=doronshai |  TASK [oracle-java : set internal vars for 1.8.0_73] ****************************
2017-04-24 09:38:17,815 p=26199 u=doronshai |  skipping: [central]
2017-04-24 09:38:17,817 p=26199 u=doronshai |  TASK [oracle-java : set internal vars for 1.8.0_72] ****************************
2017-04-24 09:38:17,847 p=26199 u=doronshai |  skipping: [central]
2017-04-24 09:38:17,854 p=26199 u=doronshai |  TASK [oracle-java : set internal vars for 1.8.0_66] ****************************
2017-04-24 09:38:17,881 p=26199 u=doronshai |  skipping: [central]
2017-04-24 09:38:17,885 p=26199 u=doronshai |  TASK [oracle-java : set internal vars for 1.8.0_65] ****************************
2017-04-24 09:38:17,914 p=26199 u=doronshai |  skipping: [central]
2017-04-24 09:38:17,916 p=26199 u=doronshai |  TASK [oracle-java : set internal vars for 1.8.0_60] ****************************
2017-04-24 09:38:17,947 p=26199 u=doronshai |  skipping: [central]
2017-04-24 09:38:17,954 p=26199 u=doronshai |  TASK [oracle-java : set internal vars for 1.8.0_51] ****************************
2017-04-24 09:38:17,979 p=26199 u=doronshai |  skipping: [central]
2017-04-24 09:38:17,983 p=26199 u=doronshai |  TASK [oracle-java : set internal vars for 1.8.0_45] ****************************
2017-04-24 09:38:18,014 p=26199 u=doronshai |  skipping: [central]
2017-04-24 09:38:18,017 p=26199 u=doronshai |  TASK [oracle-java : set internal vars for 1.8.0_31] ****************************
2017-04-24 09:38:18,047 p=26199 u=doronshai |  skipping: [central]
2017-04-24 09:38:18,051 p=26199 u=doronshai |  TASK [oracle-java : set internal vars for 1.7.0_80] ****************************
2017-04-24 09:38:18,079 p=26199 u=doronshai |  skipping: [central]
2017-04-24 09:38:18,083 p=26199 u=doronshai |  TASK [oracle-java : set internal vars for 1.7.0_75] ****************************
2017-04-24 09:38:18,112 p=26199 u=doronshai |  skipping: [central]
2017-04-24 09:38:18,115 p=26199 u=doronshai |  TASK [oracle-java : set internal vars for generic Java version] ****************
2017-04-24 09:38:18,146 p=26199 u=doronshai |  skipping: [central]
2017-04-24 09:38:18,149 p=26199 u=doronshai |  TASK [oracle-java : compose filename, if necessary] ****************************
2017-04-24 09:38:18,192 p=26199 u=doronshai |  ok: [central]
2017-04-24 09:38:18,195 p=26199 u=doronshai |  TASK [oracle-java : compose url for downloading file, if necessary] ************
2017-04-24 09:38:18,236 p=26199 u=doronshai |  ok: [central]
2017-04-24 09:38:18,240 p=26199 u=doronshai |  TASK [oracle-java : set JCE variables for java 7] ******************************
2017-04-24 09:38:18,267 p=26199 u=doronshai |  skipping: [central]
2017-04-24 09:38:18,270 p=26199 u=doronshai |  TASK [oracle-java : set JCE variables for java 8] ******************************
2017-04-24 09:38:18,314 p=26199 u=doronshai |  ok: [central]
2017-04-24 09:38:18,316 p=26199 u=doronshai |  TASK [oracle-java : set JCE download file] *************************************
2017-04-24 09:38:18,357 p=26199 u=doronshai |  ok: [central]
2017-04-24 09:38:18,360 p=26199 u=doronshai |  TASK [oracle-java : set java installation directory on Debian platforms] *******
2017-04-24 09:38:18,389 p=26199 u=doronshai |  skipping: [central]
2017-04-24 09:38:18,391 p=26199 u=doronshai |  TASK [oracle-java : set java installation directory on Mac OS X] ***************
2017-04-24 09:38:18,423 p=26199 u=doronshai |  skipping: [central]
2017-04-24 09:38:18,427 p=26199 u=doronshai |  TASK [oracle-java : set java installation directory on non-Debian platforms] ***
2017-04-24 09:38:18,466 p=26199 u=doronshai |  ok: [central]
2017-04-24 09:38:18,469 p=26199 u=doronshai |  TASK [oracle-java : install libselinux-python binary for Ansible to work] ******
2017-04-24 09:38:20,271 p=26199 u=doronshai |  ok: [central]
2017-04-24 09:38:20,277 p=26199 u=doronshai |  TASK [oracle-java : copy scripts to server] ************************************
2017-04-24 09:38:23,448 p=26199 u=doronshai |  ok: [central]
2017-04-24 09:38:23,451 p=26199 u=doronshai |  TASK [oracle-java : check if specific version of Oracle JDK is installed?] *****
2017-04-24 09:38:25,244 p=26199 u=doronshai |  ok: [central]
2017-04-24 09:38:25,247 p=26199 u=doronshai |  TASK [oracle-java : get JDK tarball (as RPM file)] *****************************
2017-04-24 09:38:25,271 p=26199 u=doronshai |  skipping: [central]
2017-04-24 09:38:25,274 p=26199 u=doronshai |  TASK [oracle-java : get JDK tarball (as tar.gz file)] **************************
2017-04-24 09:38:25,306 p=26199 u=doronshai |  skipping: [central]
2017-04-24 09:38:25,308 p=26199 u=doronshai |  TASK [oracle-java : get JDK package (as Mac OS X .dmg)] ************************
2017-04-24 09:38:25,345 p=26199 u=doronshai |  skipping: [central]
2017-04-24 09:38:25,348 p=26199 u=doronshai |  TASK [oracle-java : get JCE] ***************************************************
2017-04-24 09:38:25,386 p=26199 u=doronshai |  skipping: [central]
2017-04-24 09:38:25,389 p=26199 u=doronshai |  TASK [oracle-java : copy RPM from local] ***************************************
2017-04-24 09:38:25,418 p=26199 u=doronshai |  skipping: [central]
2017-04-24 09:38:25,422 p=26199 u=doronshai |  TASK [oracle-java : copy tarball from local] ***********************************
2017-04-24 09:38:25,452 p=26199 u=doronshai |  skipping: [central]
2017-04-24 09:38:25,455 p=26199 u=doronshai |  TASK [oracle-java : copy JCE zip from local] ***********************************
2017-04-24 09:38:25,483 p=26199 u=doronshai |  skipping: [central]
2017-04-24 09:38:25,489 p=26199 u=doronshai |  TASK [oracle-java : uninstall messy packages to avoid blocking conditions] *****
2017-04-24 09:38:25,518 p=26199 u=doronshai |  skipping: [central]
2017-04-24 09:38:25,521 p=26199 u=doronshai |  TASK [oracle-java : delete messy .rpm files to avoid blocking conditions] ******
2017-04-24 09:38:25,554 p=26199 u=doronshai |  skipping: [central]
2017-04-24 09:38:25,557 p=26199 u=doronshai |  TASK [oracle-java : install JDK via RPM file with yum] *************************
2017-04-24 09:38:25,584 p=26199 u=doronshai |  skipping: [central]
2017-04-24 09:38:25,587 p=26199 u=doronshai |  TASK [oracle-java : symlink /usr/sbin/update-alternatives to /usr/sbin/alternatives] ***
2017-04-24 09:38:25,618 p=26199 u=doronshai |  skipping: [central]
2017-04-24 09:38:25,621 p=26199 u=doronshai |  TASK [oracle-java : check if pkg already installed] ****************************
2017-04-24 09:38:25,655 p=26199 u=doronshai |  skipping: [central]
2017-04-24 09:38:25,658 p=26199 u=doronshai |  TASK [oracle-java : install JDK via RPM file with rpm (for zypper)] ************
2017-04-24 09:38:25,687 p=26199 u=doronshai |  skipping: [central]
2017-04-24 09:38:25,690 p=26199 u=doronshai |  TASK [oracle-java : clean up - uninstall messy packages] ***********************
2017-04-24 09:38:25,722 p=26199 u=doronshai |  skipping: [central]
2017-04-24 09:38:25,725 p=26199 u=doronshai |  TASK [oracle-java : clean up - delete messy .rpm files] ************************
2017-04-24 09:38:25,759 p=26199 u=doronshai |  skipping: [central]
2017-04-24 09:38:25,762 p=26199 u=doronshai |  TASK [oracle-java : mkdir for Java] ********************************************
2017-04-24 09:38:25,793 p=26199 u=doronshai |  skipping: [central]
2017-04-24 09:38:25,796 p=26199 u=doronshai |  TASK [oracle-java : install JDK via tarball file] ******************************
2017-04-24 09:38:25,828 p=26199 u=doronshai |  skipping: [central]
2017-04-24 09:38:25,832 p=26199 u=doronshai |  TASK [oracle-java : mount the downloaded dmg] **********************************
2017-04-24 09:38:25,863 p=26199 u=doronshai |  skipping: [central]
2017-04-24 09:38:25,866 p=26199 u=doronshai |  TASK [oracle-java : install the pkg file from the dmg] *************************
2017-04-24 09:38:25,894 p=26199 u=doronshai |  skipping: [central]
2017-04-24 09:38:25,897 p=26199 u=doronshai |  TASK [oracle-java : unmount the downloaded dmg] ********************************
2017-04-24 09:38:25,928 p=26199 u=doronshai |  skipping: [central]
2017-04-24 09:38:25,932 p=26199 u=doronshai |  TASK [oracle-java : install unzip] *********************************************
2017-04-24 09:38:25,958 p=26199 u=doronshai |  skipping: [central]
2017-04-24 09:38:25,961 p=26199 u=doronshai |  TASK [oracle-java : unzip JCE] *************************************************
2017-04-24 09:38:25,992 p=26199 u=doronshai |  skipping: [central]
2017-04-24 09:38:25,995 p=26199 u=doronshai |  TASK [oracle-java : install local_policy.jar] **********************************
2017-04-24 09:38:26,025 p=26199 u=doronshai |  skipping: [central]
2017-04-24 09:38:26,029 p=26199 u=doronshai |  TASK [oracle-java : install US_export_policy.jar] ******************************
2017-04-24 09:38:26,061 p=26199 u=doronshai |  skipping: [central]
2017-04-24 09:38:26,064 p=26199 u=doronshai |  TASK [oracle-java : make sure /etc/profile.d exists] ***************************
2017-04-24 09:38:26,093 p=26199 u=doronshai |  skipping: [central]
2017-04-24 09:38:26,096 p=26199 u=doronshai |  TASK [oracle-java : export JAVA_HOME] ******************************************
2017-04-24 09:38:26,125 p=26199 u=doronshai |  skipping: [central]
2017-04-24 09:38:26,133 p=26199 u=doronshai |  TASK [oracle-java : link "/usr/java/default"] **********************************
2017-04-24 09:38:26,164 p=26199 u=doronshai |  skipping: [central]
2017-04-24 09:38:26,166 p=26199 u=doronshai |  TASK [oracle-java : alternatives link for "java"] ******************************
2017-04-24 09:38:26,197 p=26199 u=doronshai |  skipping: [central]
2017-04-24 09:38:26,204 p=26199 u=doronshai |  TASK [oracle-java : alternatives link for "javac"] *****************************
2017-04-24 09:38:26,230 p=26199 u=doronshai |  skipping: [central]
2017-04-24 09:38:26,234 p=26199 u=doronshai |  TASK [oracle-java : alternatives link for "jar"] *******************************
2017-04-24 09:38:26,265 p=26199 u=doronshai |  skipping: [central]
2017-04-24 09:38:26,267 p=26199 u=doronshai |  TASK [oracle-java : check if "java_sdk" target exists] *************************
2017-04-24 09:38:26,298 p=26199 u=doronshai |  skipping: [central]
2017-04-24 09:38:26,305 p=26199 u=doronshai |  TASK [oracle-java : alternatives link for "java_sdk"] **************************
2017-04-24 09:38:26,330 p=26199 u=doronshai |  skipping: [central]
2017-04-24 09:38:26,335 p=26199 u=doronshai |  TASK [oracle-java : remove temporary downloaded files, if requested] ***********
2017-04-24 09:38:26,376 p=26199 u=doronshai |  skipping: [central] => (item=/tmp/jdk-8u92-linux-x64.rpm) 
2017-04-24 09:38:26,379 p=26199 u=doronshai |  skipping: [central] => (item=/tmp/jdk-8u92-linux-x64.tar.gz) 
2017-04-24 09:38:26,388 p=26199 u=doronshai |  skipping: [central] => (item=/tmp/jdk-8u92-linux-x64.dmg) 
2017-04-24 09:38:26,396 p=26199 u=doronshai |  skipping: [central] => (item=/tmp/check-tarball-installed.sh) 
2017-04-24 09:38:26,407 p=26199 u=doronshai |  skipping: [central] => (item=/tmp/jce_policy-8.zip) 
2017-04-24 09:38:26,415 p=26199 u=doronshai |  skipping: [central] => (item=/tmp/UnlimitedJCEPolicyJDK8) 
2017-04-24 09:38:26,425 p=26199 u=doronshai |  TASK [simple-docker-daemon : Include RedHat vars] ******************************
2017-04-24 09:38:26,467 p=26199 u=doronshai |  ok: [central]
2017-04-24 09:38:26,472 p=26199 u=doronshai |  TASK [simple-docker-daemon : Include RedHat requirements] **********************
2017-04-24 09:38:26,517 p=26199 u=doronshai |  included: /Users/doronshai/code/openldap/galaxy-roles/simple-docker-daemon/tasks/RedHat-install.yml for central
2017-04-24 09:38:26,524 p=26199 u=doronshai |  TASK [simple-docker-daemon : rpm_key] ******************************************
2017-04-24 09:38:28,825 p=26199 u=doronshai |  changed: [central]
2017-04-24 09:38:28,828 p=26199 u=doronshai |  TASK [simple-docker-daemon : set docker daemon options] ************************
2017-04-24 09:38:32,945 p=26199 u=doronshai |  changed: [central]
2017-04-24 09:38:32,948 p=26199 u=doronshai |  TASK [simple-docker-daemon : create systemd drop-in directory] *****************
2017-04-24 09:38:34,499 p=26199 u=doronshai |  changed: [central]
2017-04-24 09:38:34,502 p=26199 u=doronshai |  TASK [simple-docker-daemon : configure proxy for docker service] ***************
2017-04-24 09:38:34,520 p=26199 u=doronshai |  skipping: [central]
2017-04-24 09:38:34,523 p=26199 u=doronshai |  TASK [simple-docker-daemon : check the docker service exists] ******************
2017-04-24 09:38:34,544 p=26199 u=doronshai |  skipping: [central]
2017-04-24 09:38:34,547 p=26199 u=doronshai |  TASK [simple-docker-daemon : restart docker service] ***************************
2017-04-24 09:38:34,567 p=26199 u=doronshai |  skipping: [central]
2017-04-24 09:38:34,570 p=26199 u=doronshai |  TASK [simple-docker-daemon : Install docker + reqs] ****************************
2017-04-24 09:39:16,056 p=26199 u=doronshai |  changed: [central] => (item=[u'docker-engine', u'python-pip'])
2017-04-24 09:39:16,059 p=26199 u=doronshai |  TASK [simple-docker-daemon : Upgrade pip] **************************************
2017-04-24 09:39:19,493 p=26199 u=doronshai |  changed: [central]
2017-04-24 09:39:19,496 p=26199 u=doronshai |  TASK [simple-docker-daemon : Install docker-py] ********************************
2017-04-24 09:39:23,099 p=26199 u=doronshai |  changed: [central]
2017-04-24 09:39:23,103 p=26199 u=doronshai |  TASK [simple-docker-daemon : Add users to the docker group] ********************
2017-04-24 09:39:24,822 p=26199 u=doronshai |  changed: [central] => (item=tikal)
2017-04-24 09:39:24,827 p=26199 u=doronshai |  TASK [simple-docker-daemon : start docker service] *****************************
2017-04-24 09:39:28,272 p=26199 u=doronshai |  changed: [central]
2017-04-24 09:39:28,275 p=26199 u=doronshai |  TASK [simple-docker-daemon : wait until docker service is up] ******************
2017-04-24 09:39:40,029 p=26199 u=doronshai |  ok: [central]
2017-04-24 09:39:40,032 p=26199 u=doronshai |  TASK [ansible-role-portainer : Stop portainer container] ***********************
2017-04-24 09:39:42,056 p=26199 u=doronshai |  ok: [central]
2017-04-24 09:39:42,059 p=26199 u=doronshai |  TASK [ansible-role-portainer : Run portainer container] ************************
2017-04-24 09:39:48,011 p=26199 u=doronshai |  changed: [central]
2017-04-24 09:39:48,014 p=26199 u=doronshai |  TASK [ansible-role-portainer : Set admin password for Portainer] ***************
2017-04-24 09:39:50,424 p=26199 u=doronshai |  ok: [central]
2017-04-24 09:39:50,427 p=26199 u=doronshai |  TASK [ansible-role-portainer : Authenticate against the API (for cluster)] *****
2017-04-24 09:39:50,459 p=26199 u=doronshai |  skipping: [central]
2017-04-24 09:39:50,466 p=26199 u=doronshai |  TASK [ansible-role-portainer : debug] ******************************************
2017-04-24 09:39:50,501 p=26199 u=doronshai |  skipping: [central]
2017-04-24 09:39:50,509 p=26199 u=doronshai |  TASK [ansible-role-portainer : Define endpoints] *******************************
2017-04-24 09:39:50,547 p=26199 u=doronshai |  skipping: [central]
2017-04-24 09:39:50,550 p=26199 u=doronshai |  TASK [ansible-role-dockerized-openldap : include] ******************************
2017-04-24 09:39:50,600 p=26199 u=doronshai |  included: /Users/doronshai/code/openldap/site-roles/ansible-role-dockerized-openldap/tasks/cleanup.yml for central
2017-04-24 09:39:50,611 p=26199 u=doronshai |  TASK [ansible-role-dockerized-openldap : Stop OpenLdap container] **************
2017-04-24 09:39:52,315 p=26199 u=doronshai |  ok: [central]
2017-04-24 09:39:52,318 p=26199 u=doronshai |  TASK [ansible-role-dockerized-openldap : Stop phpldapadmin container] **********
2017-04-24 09:39:54,438 p=26199 u=doronshai |  ok: [central]
2017-04-24 09:39:54,441 p=26199 u=doronshai |  TASK [ansible-role-dockerized-openldap : Run openldap backup container] ********
2017-04-24 09:39:57,305 p=26199 u=doronshai |  ok: [central]
2017-04-24 09:39:57,309 p=26199 u=doronshai |  TASK [ansible-role-dockerized-openldap : Remove docker images] *****************
2017-04-24 09:39:57,344 p=26199 u=doronshai |  skipping: [central] => (item=osixia/openldap:1.1.8) 
2017-04-24 09:39:57,361 p=26199 u=doronshai |  skipping: [central] => (item=osixia/phpldapadmin:0.6.12) 
2017-04-24 09:39:57,365 p=26199 u=doronshai |  TASK [ansible-role-dockerized-openldap : Create Docker-host directories] *******
2017-04-24 09:39:59,072 p=26199 u=doronshai |  changed: [central] => (item=/etc/ldap/slapd.d)
2017-04-24 09:40:00,862 p=26199 u=doronshai |  changed: [central] => (item=/var/lib/ldap)
2017-04-24 09:40:02,963 p=26199 u=doronshai |  changed: [central] => (item=/var/lib/ldap-backup)
2017-04-24 09:40:02,968 p=26199 u=doronshai |  TASK [ansible-role-dockerized-openldap : Generate config file] *****************
2017-04-24 09:40:16,333 p=26199 u=doronshai |  changed: [central]
2017-04-24 09:40:16,336 p=26199 u=doronshai |  TASK [ansible-role-dockerized-openldap : Run OpenLdap container] ***************
2017-04-24 09:40:29,167 p=26199 u=doronshai |  changed: [central]
2017-04-24 09:40:29,171 p=26199 u=doronshai |  TASK [ansible-role-dockerized-openldap : Run phpldapadmin container] ***********
2017-04-24 09:40:41,278 p=26199 u=doronshai |  changed: [central]
2017-04-24 09:40:41,281 p=26199 u=doronshai |  TASK [ansible-role-dockerized-openldap : Run openldap backup container] ********
2017-04-24 09:40:43,681 p=26199 u=doronshai |  changed: [central]
2017-04-24 09:40:43,684 p=26199 u=doronshai |  TASK [ansible-role-ldap-objects : include_vars] ********************************
2017-04-24 09:40:43,714 p=26199 u=doronshai |  ok: [central]
2017-04-24 09:40:43,716 p=26199 u=doronshai |  TASK [ansible-role-ldap-objects : Install pip reqs] ****************************
2017-04-24 09:40:47,961 p=26199 u=doronshai |  changed: [central] => (item=python-ldap)
2017-04-24 09:40:49,735 p=26199 u=doronshai |  ok: [central] => (item=libsasl2-dev)
2017-04-24 09:40:51,509 p=26199 u=doronshai |  ok: [central] => (item=libldap2-dev)
2017-04-24 09:40:53,706 p=26199 u=doronshai |  ok: [central] => (item=libssl-dev)
2017-04-24 09:40:53,710 p=26199 u=doronshai |  TASK [ansible-role-ldap-objects : Install python-ldap] *************************
2017-04-24 09:40:55,797 p=26199 u=doronshai |  ok: [central]
2017-04-24 09:40:55,800 p=26199 u=doronshai |  TASK [ansible-role-ldap-objects : fail] ****************************************
2017-04-24 09:40:55,831 p=26199 u=doronshai |  skipping: [central]
2017-04-24 09:40:55,834 p=26199 u=doronshai |  TASK [ansible-role-ldap-objects : ldap_entry] **********************************
2017-04-24 09:40:57,675 p=26199 u=doronshai |  failed: [central] (item=users) => {"details": "{'desc': \"Can't contact LDAP server\"}", "failed": true, "item": "users", "msg": "Cannot bind to the server."}
2017-04-24 09:40:59,224 p=26199 u=doronshai |  failed: [central] (item=samba_users) => {"details": "{'desc': \"Can't contact LDAP server\"}", "failed": true, "item": "samba_users", "msg": "Cannot bind to the server."}
2017-04-24 09:41:00,810 p=26199 u=doronshai |  failed: [central] (item=ci_users) => {"details": "{'desc': \"Can't contact LDAP server\"}", "failed": true, "item": "ci_users", "msg": "Cannot bind to the server."}
2017-04-24 09:41:03,129 p=26199 u=doronshai |  failed: [central] (item=docker_users) => {"details": "{'desc': \"Can't contact LDAP server\"}", "failed": true, "item": "docker_users", "msg": "Cannot bind to the server."}
2017-04-24 09:41:03,132 p=26199 u=doronshai |  	to retry, use: --limit @/Users/doronshai/code/openldap/playbooks/tikal-central.retry

2017-04-24 09:41:03,132 p=26199 u=doronshai |  PLAY RECAP *********************************************************************
2017-04-24 09:41:03,133 p=26199 u=doronshai |  central                    : ok=51   changed=25   unreachable=0    failed=1   
2017-04-24 09:55:24,596 p=26874 u=doronshai |  PLAY [central] *****************************************************************
2017-04-24 09:55:24,695 p=26874 u=doronshai |  TASK [setup] *******************************************************************
2017-04-24 09:55:28,998 p=26874 u=doronshai |  ok: [central]
2017-04-24 09:55:29,002 p=26874 u=doronshai |  TASK [tikal-common : set_fact] *************************************************
2017-04-24 09:55:29,056 p=26874 u=doronshai |  ok: [central]
2017-04-24 09:55:29,059 p=26874 u=doronshai |  TASK [tikal-common : Set Hostname with hostname command] ***********************
2017-04-24 09:55:31,078 p=26874 u=doronshai |  ok: [central]
2017-04-24 09:55:31,082 p=26874 u=doronshai |  TASK [tikal-common : Re-gather facts] ******************************************
2017-04-24 09:55:34,094 p=26874 u=doronshai |  ok: [central]
2017-04-24 09:55:34,097 p=26874 u=doronshai |  TASK [tikal-common : Build hosts file (backups will be made)] ******************
2017-04-24 09:55:36,156 p=26874 u=doronshai |  ok: [central]
2017-04-24 09:55:36,160 p=26874 u=doronshai |  TASK [tikal-common : Add tikal group] ******************************************
2017-04-24 09:55:37,954 p=26874 u=doronshai |  ok: [central]
2017-04-24 09:55:37,958 p=26874 u=doronshai |  TASK [tikal-common : Add tikal user] *******************************************
2017-04-24 09:55:39,867 p=26874 u=doronshai |  ok: [central]
2017-04-24 09:55:39,871 p=26874 u=doronshai |  TASK [tikal-common : Create tikal .ssh dir] ************************************
2017-04-24 09:55:41,712 p=26874 u=doronshai |  changed: [central] => (item=/home/tikal/.ssh)
2017-04-24 09:55:41,717 p=26874 u=doronshai |  TASK [tikal-common : file] *****************************************************
2017-04-24 09:55:43,403 p=26874 u=doronshai |  changed: [central]
2017-04-24 09:55:43,407 p=26874 u=doronshai |  TASK [tikal-common : Set up authorized_keys for tikal users] *******************
2017-04-24 09:55:45,286 p=26874 u=doronshai |  ok: [central] => (item=ssh-rsa AAAAB3NzaC1yc2EAAAADAQABAAABAQDWcXENVxINVdYNe0+SKnSlWaRuaYCxYLdnhdQbWB9zaR8w+AdUtrz498HSApyUKWYB+EwvIBCgAqZP+l/zaxE1tZB6fjyGgUX5Rir868PQq1/ndDFu/tRzOQt7TJf4jMV7akhS42QYD3onteLhq0cR+rZ/yGDhl8+AmdtGtIVtfvFzTNxSW8sfPSEr/VWgK+ahy0abXeQ1BlWNTYaYyQvxLf1MGwEGcyQk6Z4IAOY7+4X6BNo7T2X9tJMMMnpH92BD5ESCcJHdlyGq2s8sYdlg234qMAJrwlw+ckTmpZH593wq96WPXsviDw/wFQ6VoXhu1sfI/8OsgFVALwzK1d1/)
2017-04-24 09:55:45,311 p=26874 u=doronshai |  TASK [tikal-common : Configure tikal as sudoer] ********************************
2017-04-24 09:55:48,603 p=26874 u=doronshai |  ok: [central]
2017-04-24 09:55:48,607 p=26874 u=doronshai |  TASK [tikal-common : Install pkgs] *********************************************
2017-04-24 09:55:52,492 p=26874 u=doronshai |  ok: [central] => (item=[u'vim', u'bash-completion'])
2017-04-24 09:55:52,495 p=26874 u=doronshai |  TASK [geerlingguy.git : Ensure git is installed (RedHat).] *********************
2017-04-24 09:55:54,288 p=26874 u=doronshai |  ok: [central] => (item=[u'git', u'git-svn'])
2017-04-24 09:55:54,292 p=26874 u=doronshai |  TASK [geerlingguy.git : Update apt cache (Debian).] ****************************
2017-04-24 09:55:54,314 p=26874 u=doronshai |  skipping: [central]
2017-04-24 09:55:54,317 p=26874 u=doronshai |  TASK [geerlingguy.git : Ensure git is installed (Debian).] *********************
2017-04-24 09:55:54,357 p=26874 u=doronshai |  skipping: [central] => (item=[]) 
2017-04-24 09:55:54,360 p=26874 u=doronshai |  TASK [geerlingguy.git : Ensure git's dependencies are installed (RedHat).] *****
2017-04-24 09:55:54,439 p=26874 u=doronshai |  skipping: [central] => (item=[]) 
2017-04-24 09:55:54,443 p=26874 u=doronshai |  TASK [geerlingguy.git : Ensure git's dependencies are installed (Debian).] *****
2017-04-24 09:55:54,487 p=26874 u=doronshai |  skipping: [central] => (item=[]) 
2017-04-24 09:55:54,490 p=26874 u=doronshai |  TASK [geerlingguy.git : Get installed version] *********************************
2017-04-24 09:55:54,516 p=26874 u=doronshai |  skipping: [central]
2017-04-24 09:55:54,519 p=26874 u=doronshai |  TASK [geerlingguy.git : Force git install if the version numbers do not match] *
2017-04-24 09:55:54,549 p=26874 u=doronshai |  skipping: [central]
2017-04-24 09:55:54,552 p=26874 u=doronshai |  TASK [geerlingguy.git : Download git.] *****************************************
2017-04-24 09:55:54,577 p=26874 u=doronshai |  skipping: [central]
2017-04-24 09:55:54,581 p=26874 u=doronshai |  TASK [geerlingguy.git : Expand git archive.] ***********************************
2017-04-24 09:55:54,611 p=26874 u=doronshai |  skipping: [central]
2017-04-24 09:55:54,618 p=26874 u=doronshai |  TASK [geerlingguy.git : Build git.] ********************************************
2017-04-24 09:55:54,652 p=26874 u=doronshai |  skipping: [central] => (item=all) 
2017-04-24 09:55:54,657 p=26874 u=doronshai |  skipping: [central] => (item=install) 
2017-04-24 09:55:54,661 p=26874 u=doronshai |  TASK [oracle-java : precondition - java_version] *******************************
2017-04-24 09:55:54,689 p=26874 u=doronshai |  skipping: [central]
2017-04-24 09:55:54,693 p=26874 u=doronshai |  TASK [oracle-java : precondition - java_subversion] ****************************
2017-04-24 09:55:54,722 p=26874 u=doronshai |  skipping: [central]
2017-04-24 09:55:54,725 p=26874 u=doronshai |  TASK [oracle-java : precondition - java_install_jce] ***************************
2017-04-24 09:55:54,755 p=26874 u=doronshai |  skipping: [central]
2017-04-24 09:55:54,758 p=26874 u=doronshai |  TASK [oracle-java : set general internal vars] *********************************
2017-04-24 09:55:54,797 p=26874 u=doronshai |  ok: [central]
2017-04-24 09:55:54,800 p=26874 u=doronshai |  TASK [oracle-java : set java architecture] *************************************
2017-04-24 09:55:54,841 p=26874 u=doronshai |  ok: [central]
2017-04-24 09:55:54,846 p=26874 u=doronshai |  TASK [oracle-java : set java OS for Linux] *************************************
2017-04-24 09:55:54,887 p=26874 u=doronshai |  ok: [central]
2017-04-24 09:55:54,892 p=26874 u=doronshai |  TASK [oracle-java : set java OS for Mac OS X] **********************************
2017-04-24 09:55:54,922 p=26874 u=doronshai |  skipping: [central]
2017-04-24 09:55:54,926 p=26874 u=doronshai |  TASK [oracle-java : set internal vars for 1.8.0_92 or 1.8.0_91] ****************
2017-04-24 09:55:54,972 p=26874 u=doronshai |  ok: [central]
2017-04-24 09:55:54,976 p=26874 u=doronshai |  TASK [oracle-java : set internal vars for 1.8.0_77] ****************************
2017-04-24 09:55:55,003 p=26874 u=doronshai |  skipping: [central]
2017-04-24 09:55:55,006 p=26874 u=doronshai |  TASK [oracle-java : set internal vars for 1.8.0_74] ****************************
2017-04-24 09:55:55,036 p=26874 u=doronshai |  skipping: [central]
2017-04-24 09:55:55,039 p=26874 u=doronshai |  TASK [oracle-java : set internal vars for 1.8.0_73] ****************************
2017-04-24 09:55:55,070 p=26874 u=doronshai |  skipping: [central]
2017-04-24 09:55:55,073 p=26874 u=doronshai |  TASK [oracle-java : set internal vars for 1.8.0_72] ****************************
2017-04-24 09:55:55,098 p=26874 u=doronshai |  skipping: [central]
2017-04-24 09:55:55,102 p=26874 u=doronshai |  TASK [oracle-java : set internal vars for 1.8.0_66] ****************************
2017-04-24 09:55:55,133 p=26874 u=doronshai |  skipping: [central]
2017-04-24 09:55:55,137 p=26874 u=doronshai |  TASK [oracle-java : set internal vars for 1.8.0_65] ****************************
2017-04-24 09:55:55,167 p=26874 u=doronshai |  skipping: [central]
2017-04-24 09:55:55,170 p=26874 u=doronshai |  TASK [oracle-java : set internal vars for 1.8.0_60] ****************************
2017-04-24 09:55:55,194 p=26874 u=doronshai |  skipping: [central]
2017-04-24 09:55:55,197 p=26874 u=doronshai |  TASK [oracle-java : set internal vars for 1.8.0_51] ****************************
2017-04-24 09:55:55,230 p=26874 u=doronshai |  skipping: [central]
2017-04-24 09:55:55,233 p=26874 u=doronshai |  TASK [oracle-java : set internal vars for 1.8.0_45] ****************************
2017-04-24 09:55:55,260 p=26874 u=doronshai |  skipping: [central]
2017-04-24 09:55:55,263 p=26874 u=doronshai |  TASK [oracle-java : set internal vars for 1.8.0_31] ****************************
2017-04-24 09:55:55,290 p=26874 u=doronshai |  skipping: [central]
2017-04-24 09:55:55,293 p=26874 u=doronshai |  TASK [oracle-java : set internal vars for 1.7.0_80] ****************************
2017-04-24 09:55:55,322 p=26874 u=doronshai |  skipping: [central]
2017-04-24 09:55:55,325 p=26874 u=doronshai |  TASK [oracle-java : set internal vars for 1.7.0_75] ****************************
2017-04-24 09:55:55,350 p=26874 u=doronshai |  skipping: [central]
2017-04-24 09:55:55,354 p=26874 u=doronshai |  TASK [oracle-java : set internal vars for generic Java version] ****************
2017-04-24 09:55:55,383 p=26874 u=doronshai |  skipping: [central]
2017-04-24 09:55:55,387 p=26874 u=doronshai |  TASK [oracle-java : compose filename, if necessary] ****************************
2017-04-24 09:55:55,428 p=26874 u=doronshai |  ok: [central]
2017-04-24 09:55:55,431 p=26874 u=doronshai |  TASK [oracle-java : compose url for downloading file, if necessary] ************
2017-04-24 09:55:55,471 p=26874 u=doronshai |  ok: [central]
2017-04-24 09:55:55,474 p=26874 u=doronshai |  TASK [oracle-java : set JCE variables for java 7] ******************************
2017-04-24 09:55:55,497 p=26874 u=doronshai |  skipping: [central]
2017-04-24 09:55:55,500 p=26874 u=doronshai |  TASK [oracle-java : set JCE variables for java 8] ******************************
2017-04-24 09:55:55,540 p=26874 u=doronshai |  ok: [central]
2017-04-24 09:55:55,543 p=26874 u=doronshai |  TASK [oracle-java : set JCE download file] *************************************
2017-04-24 09:55:55,583 p=26874 u=doronshai |  ok: [central]
2017-04-24 09:55:55,586 p=26874 u=doronshai |  TASK [oracle-java : set java installation directory on Debian platforms] *******
2017-04-24 09:55:55,614 p=26874 u=doronshai |  skipping: [central]
2017-04-24 09:55:55,617 p=26874 u=doronshai |  TASK [oracle-java : set java installation directory on Mac OS X] ***************
2017-04-24 09:55:55,647 p=26874 u=doronshai |  skipping: [central]
2017-04-24 09:55:55,651 p=26874 u=doronshai |  TASK [oracle-java : set java installation directory on non-Debian platforms] ***
2017-04-24 09:55:55,691 p=26874 u=doronshai |  ok: [central]
2017-04-24 09:55:55,693 p=26874 u=doronshai |  TASK [oracle-java : install libselinux-python binary for Ansible to work] ******
2017-04-24 09:55:57,477 p=26874 u=doronshai |  ok: [central]
2017-04-24 09:55:57,481 p=26874 u=doronshai |  TASK [oracle-java : copy scripts to server] ************************************
2017-04-24 09:56:00,650 p=26874 u=doronshai |  ok: [central]
2017-04-24 09:56:00,653 p=26874 u=doronshai |  TASK [oracle-java : check if specific version of Oracle JDK is installed?] *****
2017-04-24 09:56:02,521 p=26874 u=doronshai |  ok: [central]
2017-04-24 09:56:02,525 p=26874 u=doronshai |  TASK [oracle-java : get JDK tarball (as RPM file)] *****************************
2017-04-24 09:56:02,553 p=26874 u=doronshai |  skipping: [central]
2017-04-24 09:56:02,556 p=26874 u=doronshai |  TASK [oracle-java : get JDK tarball (as tar.gz file)] **************************
2017-04-24 09:56:02,595 p=26874 u=doronshai |  skipping: [central]
2017-04-24 09:56:02,599 p=26874 u=doronshai |  TASK [oracle-java : get JDK package (as Mac OS X .dmg)] ************************
2017-04-24 09:56:02,635 p=26874 u=doronshai |  skipping: [central]
2017-04-24 09:56:02,641 p=26874 u=doronshai |  TASK [oracle-java : get JCE] ***************************************************
2017-04-24 09:56:02,672 p=26874 u=doronshai |  skipping: [central]
2017-04-24 09:56:02,676 p=26874 u=doronshai |  TASK [oracle-java : copy RPM from local] ***************************************
2017-04-24 09:56:02,700 p=26874 u=doronshai |  skipping: [central]
2017-04-24 09:56:02,703 p=26874 u=doronshai |  TASK [oracle-java : copy tarball from local] ***********************************
2017-04-24 09:56:02,733 p=26874 u=doronshai |  skipping: [central]
2017-04-24 09:56:02,737 p=26874 u=doronshai |  TASK [oracle-java : copy JCE zip from local] ***********************************
2017-04-24 09:56:02,763 p=26874 u=doronshai |  skipping: [central]
2017-04-24 09:56:02,767 p=26874 u=doronshai |  TASK [oracle-java : uninstall messy packages to avoid blocking conditions] *****
2017-04-24 09:56:02,796 p=26874 u=doronshai |  skipping: [central]
2017-04-24 09:56:02,799 p=26874 u=doronshai |  TASK [oracle-java : delete messy .rpm files to avoid blocking conditions] ******
2017-04-24 09:56:02,828 p=26874 u=doronshai |  skipping: [central]
2017-04-24 09:56:02,832 p=26874 u=doronshai |  TASK [oracle-java : install JDK via RPM file with yum] *************************
2017-04-24 09:56:02,866 p=26874 u=doronshai |  skipping: [central]
2017-04-24 09:56:02,869 p=26874 u=doronshai |  TASK [oracle-java : symlink /usr/sbin/update-alternatives to /usr/sbin/alternatives] ***
2017-04-24 09:56:02,895 p=26874 u=doronshai |  skipping: [central]
2017-04-24 09:56:02,899 p=26874 u=doronshai |  TASK [oracle-java : check if pkg already installed] ****************************
2017-04-24 09:56:02,928 p=26874 u=doronshai |  skipping: [central]
2017-04-24 09:56:02,932 p=26874 u=doronshai |  TASK [oracle-java : install JDK via RPM file with rpm (for zypper)] ************
2017-04-24 09:56:02,962 p=26874 u=doronshai |  skipping: [central]
2017-04-24 09:56:02,965 p=26874 u=doronshai |  TASK [oracle-java : clean up - uninstall messy packages] ***********************
2017-04-24 09:56:02,993 p=26874 u=doronshai |  skipping: [central]
2017-04-24 09:56:02,996 p=26874 u=doronshai |  TASK [oracle-java : clean up - delete messy .rpm files] ************************
2017-04-24 09:56:03,025 p=26874 u=doronshai |  skipping: [central]
2017-04-24 09:56:03,029 p=26874 u=doronshai |  TASK [oracle-java : mkdir for Java] ********************************************
2017-04-24 09:56:03,062 p=26874 u=doronshai |  skipping: [central]
2017-04-24 09:56:03,065 p=26874 u=doronshai |  TASK [oracle-java : install JDK via tarball file] ******************************
2017-04-24 09:56:03,093 p=26874 u=doronshai |  skipping: [central]
2017-04-24 09:56:03,097 p=26874 u=doronshai |  TASK [oracle-java : mount the downloaded dmg] **********************************
2017-04-24 09:56:03,127 p=26874 u=doronshai |  skipping: [central]
2017-04-24 09:56:03,131 p=26874 u=doronshai |  TASK [oracle-java : install the pkg file from the dmg] *************************
2017-04-24 09:56:03,162 p=26874 u=doronshai |  skipping: [central]
2017-04-24 09:56:03,166 p=26874 u=doronshai |  TASK [oracle-java : unmount the downloaded dmg] ********************************
2017-04-24 09:56:03,197 p=26874 u=doronshai |  skipping: [central]
2017-04-24 09:56:03,200 p=26874 u=doronshai |  TASK [oracle-java : install unzip] *********************************************
2017-04-24 09:56:03,231 p=26874 u=doronshai |  skipping: [central]
2017-04-24 09:56:03,235 p=26874 u=doronshai |  TASK [oracle-java : unzip JCE] *************************************************
2017-04-24 09:56:03,264 p=26874 u=doronshai |  skipping: [central]
2017-04-24 09:56:03,268 p=26874 u=doronshai |  TASK [oracle-java : install local_policy.jar] **********************************
2017-04-24 09:56:03,298 p=26874 u=doronshai |  skipping: [central]
2017-04-24 09:56:03,301 p=26874 u=doronshai |  TASK [oracle-java : install US_export_policy.jar] ******************************
2017-04-24 09:56:03,329 p=26874 u=doronshai |  skipping: [central]
2017-04-24 09:56:03,332 p=26874 u=doronshai |  TASK [oracle-java : make sure /etc/profile.d exists] ***************************
2017-04-24 09:56:03,365 p=26874 u=doronshai |  skipping: [central]
2017-04-24 09:56:03,367 p=26874 u=doronshai |  TASK [oracle-java : export JAVA_HOME] ******************************************
2017-04-24 09:56:03,394 p=26874 u=doronshai |  skipping: [central]
2017-04-24 09:56:03,399 p=26874 u=doronshai |  TASK [oracle-java : link "/usr/java/default"] **********************************
2017-04-24 09:56:03,428 p=26874 u=doronshai |  skipping: [central]
2017-04-24 09:56:03,431 p=26874 u=doronshai |  TASK [oracle-java : alternatives link for "java"] ******************************
2017-04-24 09:56:03,462 p=26874 u=doronshai |  skipping: [central]
2017-04-24 09:56:03,465 p=26874 u=doronshai |  TASK [oracle-java : alternatives link for "javac"] *****************************
2017-04-24 09:56:03,492 p=26874 u=doronshai |  skipping: [central]
2017-04-24 09:56:03,495 p=26874 u=doronshai |  TASK [oracle-java : alternatives link for "jar"] *******************************
2017-04-24 09:56:03,525 p=26874 u=doronshai |  skipping: [central]
2017-04-24 09:56:03,528 p=26874 u=doronshai |  TASK [oracle-java : check if "java_sdk" target exists] *************************
2017-04-24 09:56:03,556 p=26874 u=doronshai |  skipping: [central]
2017-04-24 09:56:03,562 p=26874 u=doronshai |  TASK [oracle-java : alternatives link for "java_sdk"] **************************
2017-04-24 09:56:03,591 p=26874 u=doronshai |  skipping: [central]
2017-04-24 09:56:03,594 p=26874 u=doronshai |  TASK [oracle-java : remove temporary downloaded files, if requested] ***********
2017-04-24 09:56:03,639 p=26874 u=doronshai |  skipping: [central] => (item=/tmp/jdk-8u92-linux-x64.rpm) 
2017-04-24 09:56:03,643 p=26874 u=doronshai |  skipping: [central] => (item=/tmp/jdk-8u92-linux-x64.tar.gz) 
2017-04-24 09:56:03,654 p=26874 u=doronshai |  skipping: [central] => (item=/tmp/jdk-8u92-linux-x64.dmg) 
2017-04-24 09:56:03,664 p=26874 u=doronshai |  skipping: [central] => (item=/tmp/check-tarball-installed.sh) 
2017-04-24 09:56:03,672 p=26874 u=doronshai |  skipping: [central] => (item=/tmp/jce_policy-8.zip) 
2017-04-24 09:56:03,681 p=26874 u=doronshai |  skipping: [central] => (item=/tmp/UnlimitedJCEPolicyJDK8) 
2017-04-24 09:56:03,690 p=26874 u=doronshai |  TASK [simple-docker-daemon : Include RedHat vars] ******************************
2017-04-24 09:56:03,726 p=26874 u=doronshai |  ok: [central]
2017-04-24 09:56:03,732 p=26874 u=doronshai |  TASK [simple-docker-daemon : Include RedHat requirements] **********************
2017-04-24 09:56:03,770 p=26874 u=doronshai |  included: /Users/doronshai/code/openldap/galaxy-roles/simple-docker-daemon/tasks/RedHat-install.yml for central
2017-04-24 09:56:03,777 p=26874 u=doronshai |  TASK [simple-docker-daemon : rpm_key] ******************************************
2017-04-24 09:56:06,173 p=26874 u=doronshai |  ok: [central]
2017-04-24 09:56:06,176 p=26874 u=doronshai |  TASK [simple-docker-daemon : set docker daemon options] ************************
2017-04-24 09:56:09,344 p=26874 u=doronshai |  ok: [central]
2017-04-24 09:56:09,347 p=26874 u=doronshai |  TASK [simple-docker-daemon : create systemd drop-in directory] *****************
2017-04-24 09:56:10,966 p=26874 u=doronshai |  ok: [central]
2017-04-24 09:56:10,969 p=26874 u=doronshai |  TASK [simple-docker-daemon : configure proxy for docker service] ***************
2017-04-24 09:56:10,987 p=26874 u=doronshai |  skipping: [central]
2017-04-24 09:56:10,990 p=26874 u=doronshai |  TASK [simple-docker-daemon : check the docker service exists] ******************
2017-04-24 09:56:11,008 p=26874 u=doronshai |  skipping: [central]
2017-04-24 09:56:11,015 p=26874 u=doronshai |  TASK [simple-docker-daemon : restart docker service] ***************************
2017-04-24 09:56:11,039 p=26874 u=doronshai |  skipping: [central]
2017-04-24 09:56:11,046 p=26874 u=doronshai |  TASK [simple-docker-daemon : Install docker + reqs] ****************************
2017-04-24 09:56:14,954 p=26874 u=doronshai |  ok: [central] => (item=[u'docker-engine', u'python-pip'])
2017-04-24 09:56:14,957 p=26874 u=doronshai |  TASK [simple-docker-daemon : Upgrade pip] **************************************
2017-04-24 09:56:17,496 p=26874 u=doronshai |  ok: [central]
2017-04-24 09:56:17,500 p=26874 u=doronshai |  TASK [simple-docker-daemon : Install docker-py] ********************************
2017-04-24 09:56:20,273 p=26874 u=doronshai |  ok: [central]
2017-04-24 09:56:20,276 p=26874 u=doronshai |  TASK [simple-docker-daemon : Add users to the docker group] ********************
2017-04-24 09:56:22,050 p=26874 u=doronshai |  ok: [central] => (item=tikal)
2017-04-24 09:56:22,053 p=26874 u=doronshai |  TASK [simple-docker-daemon : start docker service] *****************************
2017-04-24 09:56:23,805 p=26874 u=doronshai |  ok: [central]
2017-04-24 09:56:23,809 p=26874 u=doronshai |  TASK [simple-docker-daemon : wait until docker service is up] ******************
2017-04-24 09:56:23,835 p=26874 u=doronshai |  skipping: [central]
2017-04-24 09:56:23,838 p=26874 u=doronshai |  TASK [ansible-role-portainer : Stop portainer container] ***********************
2017-04-24 09:56:25,843 p=26874 u=doronshai |  changed: [central]
2017-04-24 09:56:25,847 p=26874 u=doronshai |  TASK [ansible-role-portainer : Run portainer container] ************************
2017-04-24 09:56:27,781 p=26874 u=doronshai |  changed: [central]
2017-04-24 09:56:27,784 p=26874 u=doronshai |  TASK [ansible-role-portainer : Set admin password for Portainer] ***************
2017-04-24 09:56:29,835 p=26874 u=doronshai |  ok: [central]
2017-04-24 09:56:29,838 p=26874 u=doronshai |  TASK [ansible-role-portainer : Authenticate against the API (for cluster)] *****
2017-04-24 09:56:29,863 p=26874 u=doronshai |  skipping: [central]
2017-04-24 09:56:29,867 p=26874 u=doronshai |  TASK [ansible-role-portainer : debug] ******************************************
2017-04-24 09:56:29,889 p=26874 u=doronshai |  skipping: [central]
2017-04-24 09:56:29,892 p=26874 u=doronshai |  TASK [ansible-role-portainer : Define endpoints] *******************************
2017-04-24 09:56:29,924 p=26874 u=doronshai |  skipping: [central]
2017-04-24 09:56:29,928 p=26874 u=doronshai |  TASK [ansible-role-dockerized-openldap : include] ******************************
2017-04-24 09:56:29,987 p=26874 u=doronshai |  included: /Users/doronshai/code/openldap/site-roles/ansible-role-dockerized-openldap/tasks/cleanup.yml for central
2017-04-24 09:56:29,995 p=26874 u=doronshai |  TASK [ansible-role-dockerized-openldap : Stop OpenLdap container] **************
2017-04-24 09:56:32,736 p=26874 u=doronshai |  changed: [central]
2017-04-24 09:56:32,739 p=26874 u=doronshai |  TASK [ansible-role-dockerized-openldap : Stop phpldapadmin container] **********
2017-04-24 09:56:34,792 p=26874 u=doronshai |  changed: [central]
2017-04-24 09:56:34,795 p=26874 u=doronshai |  TASK [ansible-role-dockerized-openldap : Run openldap backup container] ********
2017-04-24 09:56:36,672 p=26874 u=doronshai |  ok: [central]
2017-04-24 09:56:36,676 p=26874 u=doronshai |  TASK [ansible-role-dockerized-openldap : Remove docker images] *****************
2017-04-24 09:56:36,749 p=26874 u=doronshai |  skipping: [central] => (item=osixia/openldap:1.1.8) 
2017-04-24 09:56:36,757 p=26874 u=doronshai |  skipping: [central] => (item=osixia/phpldapadmin:0.6.12) 
2017-04-24 09:56:36,761 p=26874 u=doronshai |  TASK [ansible-role-dockerized-openldap : Create Docker-host directories] *******
2017-04-24 09:56:38,424 p=26874 u=doronshai |  ok: [central] => (item=/etc/ldap/slapd.d)
2017-04-24 09:56:40,009 p=26874 u=doronshai |  ok: [central] => (item=/var/lib/ldap)
2017-04-24 09:56:41,774 p=26874 u=doronshai |  ok: [central] => (item=/var/lib/ldap-backup)
2017-04-24 09:56:41,778 p=26874 u=doronshai |  TASK [ansible-role-dockerized-openldap : Generate config file] *****************
2017-04-24 09:56:47,819 p=26874 u=doronshai |  ok: [central]
2017-04-24 09:56:47,823 p=26874 u=doronshai |  TASK [ansible-role-dockerized-openldap : Run OpenLdap container] ***************
2017-04-24 09:56:50,252 p=26874 u=doronshai |  changed: [central]
2017-04-24 09:56:50,256 p=26874 u=doronshai |  TASK [ansible-role-dockerized-openldap : Run phpldapadmin container] ***********
2017-04-24 09:56:52,798 p=26874 u=doronshai |  changed: [central]
2017-04-24 09:56:52,802 p=26874 u=doronshai |  TASK [ansible-role-dockerized-openldap : Run openldap backup container] ********
2017-04-24 09:56:54,952 p=26874 u=doronshai |  fatal: [central]: FAILED! => {"changed": false, "failed": true, "msg": "Error starting container e3327dbdc177122fe201c11b28ccb556688bd2046d4aaa5372d2bdd79b236871: 500 Server Error: Internal Server Error (\"{\"message\":\"Cannot link to a non running container: /openldap-service AS /openldap-backup/ldap-host\"}\")"}
2017-04-24 09:56:54,954 p=26874 u=doronshai |  	to retry, use: --limit @/Users/doronshai/code/openldap/playbooks/tikal-central.retry

2017-04-24 09:56:54,954 p=26874 u=doronshai |  PLAY RECAP *********************************************************************
2017-04-24 09:56:54,954 p=26874 u=doronshai |  central                    : ok=46   changed=8    unreachable=0    failed=1   
2017-04-24 10:02:23,301 p=27304 u=doronshai |  PLAY [central] *****************************************************************
2017-04-24 10:02:23,397 p=27304 u=doronshai |  TASK [setup] *******************************************************************
2017-04-24 10:02:24,787 p=27304 u=doronshai |  fatal: [central]: UNREACHABLE! => {"changed": false, "msg": "Failed to connect to the host via ssh: Permission denied (publickey,gssapi-keyex,gssapi-with-mic).\r\n", "unreachable": true}
2017-04-24 10:02:24,789 p=27304 u=doronshai |  	to retry, use: --limit @/Users/doronshai/code/openldap/playbooks/tikal-central.retry

2017-04-24 10:02:24,790 p=27304 u=doronshai |  PLAY RECAP *********************************************************************
2017-04-24 10:02:24,790 p=27304 u=doronshai |  central                    : ok=0    changed=0    unreachable=1    failed=0   
2017-04-24 10:03:46,595 p=27331 u=doronshai |  PLAY [central] *****************************************************************
2017-04-24 10:03:46,694 p=27331 u=doronshai |  TASK [setup] *******************************************************************
2017-04-24 10:03:51,395 p=27331 u=doronshai |  ok: [central]
2017-04-24 10:03:51,399 p=27331 u=doronshai |  TASK [tikal-common : set_fact] *************************************************
2017-04-24 10:03:51,466 p=27331 u=doronshai |  ok: [central]
2017-04-24 10:03:51,469 p=27331 u=doronshai |  TASK [tikal-common : Set Hostname with hostname command] ***********************
2017-04-24 10:03:53,891 p=27331 u=doronshai |  ok: [central]
2017-04-24 10:03:53,894 p=27331 u=doronshai |  TASK [tikal-common : Re-gather facts] ******************************************
2017-04-24 10:03:57,395 p=27331 u=doronshai |  ok: [central]
2017-04-24 10:03:57,398 p=27331 u=doronshai |  TASK [tikal-common : Build hosts file (backups will be made)] ******************
2017-04-24 10:03:59,184 p=27331 u=doronshai |  ok: [central]
2017-04-24 10:03:59,188 p=27331 u=doronshai |  TASK [tikal-common : Add tikal group] ******************************************
2017-04-24 10:04:00,925 p=27331 u=doronshai |  ok: [central]
2017-04-24 10:04:00,929 p=27331 u=doronshai |  TASK [tikal-common : Add tikal user] *******************************************
2017-04-24 10:04:02,755 p=27331 u=doronshai |  ok: [central]
2017-04-24 10:04:02,758 p=27331 u=doronshai |  TASK [tikal-common : Create tikal .ssh dir] ************************************
2017-04-24 10:04:04,999 p=27331 u=doronshai |  changed: [central] => (item=/home/tikal/.ssh)
2017-04-24 10:04:05,002 p=27331 u=doronshai |  TASK [tikal-common : file] *****************************************************
2017-04-24 10:04:08,341 p=27331 u=doronshai |  changed: [central]
2017-04-24 10:04:08,345 p=27331 u=doronshai |  TASK [tikal-common : Set up authorized_keys for tikal users] *******************
2017-04-24 10:04:10,818 p=27331 u=doronshai |  ok: [central] => (item=ssh-rsa AAAAB3NzaC1yc2EAAAADAQABAAABAQDWcXENVxINVdYNe0+SKnSlWaRuaYCxYLdnhdQbWB9zaR8w+AdUtrz498HSApyUKWYB+EwvIBCgAqZP+l/zaxE1tZB6fjyGgUX5Rir868PQq1/ndDFu/tRzOQt7TJf4jMV7akhS42QYD3onteLhq0cR+rZ/yGDhl8+AmdtGtIVtfvFzTNxSW8sfPSEr/VWgK+ahy0abXeQ1BlWNTYaYyQvxLf1MGwEGcyQk6Z4IAOY7+4X6BNo7T2X9tJMMMnpH92BD5ESCcJHdlyGq2s8sYdlg234qMAJrwlw+ckTmpZH593wq96WPXsviDw/wFQ6VoXhu1sfI/8OsgFVALwzK1d1/)
2017-04-24 10:04:10,845 p=27331 u=doronshai |  TASK [tikal-common : Configure tikal as sudoer] ********************************
2017-04-24 10:04:14,521 p=27331 u=doronshai |  ok: [central]
2017-04-24 10:04:14,527 p=27331 u=doronshai |  TASK [tikal-common : Install pkgs] *********************************************
2017-04-24 10:04:18,550 p=27331 u=doronshai |  ok: [central] => (item=[u'vim', u'bash-completion'])
2017-04-24 10:04:18,553 p=27331 u=doronshai |  TASK [geerlingguy.git : Ensure git is installed (RedHat).] *********************
2017-04-24 10:04:21,054 p=27331 u=doronshai |  ok: [central] => (item=[u'git', u'git-svn'])
2017-04-24 10:04:21,056 p=27331 u=doronshai |  TASK [geerlingguy.git : Update apt cache (Debian).] ****************************
2017-04-24 10:04:21,081 p=27331 u=doronshai |  skipping: [central]
2017-04-24 10:04:21,084 p=27331 u=doronshai |  TASK [geerlingguy.git : Ensure git is installed (Debian).] *********************
2017-04-24 10:04:21,124 p=27331 u=doronshai |  skipping: [central] => (item=[]) 
2017-04-24 10:04:21,127 p=27331 u=doronshai |  TASK [geerlingguy.git : Ensure git's dependencies are installed (RedHat).] *****
2017-04-24 10:04:21,194 p=27331 u=doronshai |  skipping: [central] => (item=[]) 
2017-04-24 10:04:21,197 p=27331 u=doronshai |  TASK [geerlingguy.git : Ensure git's dependencies are installed (Debian).] *****
2017-04-24 10:04:21,251 p=27331 u=doronshai |  skipping: [central] => (item=[]) 
2017-04-24 10:04:21,254 p=27331 u=doronshai |  TASK [geerlingguy.git : Get installed version] *********************************
2017-04-24 10:04:21,278 p=27331 u=doronshai |  skipping: [central]
2017-04-24 10:04:21,281 p=27331 u=doronshai |  TASK [geerlingguy.git : Force git install if the version numbers do not match] *
2017-04-24 10:04:21,303 p=27331 u=doronshai |  skipping: [central]
2017-04-24 10:04:21,306 p=27331 u=doronshai |  TASK [geerlingguy.git : Download git.] *****************************************
2017-04-24 10:04:21,339 p=27331 u=doronshai |  skipping: [central]
2017-04-24 10:04:21,342 p=27331 u=doronshai |  TASK [geerlingguy.git : Expand git archive.] ***********************************
2017-04-24 10:04:21,368 p=27331 u=doronshai |  skipping: [central]
2017-04-24 10:04:21,371 p=27331 u=doronshai |  TASK [geerlingguy.git : Build git.] ********************************************
2017-04-24 10:04:21,405 p=27331 u=doronshai |  skipping: [central] => (item=all) 
2017-04-24 10:04:21,411 p=27331 u=doronshai |  skipping: [central] => (item=install) 
2017-04-24 10:04:21,416 p=27331 u=doronshai |  TASK [oracle-java : precondition - java_version] *******************************
2017-04-24 10:04:21,446 p=27331 u=doronshai |  skipping: [central]
2017-04-24 10:04:21,448 p=27331 u=doronshai |  TASK [oracle-java : precondition - java_subversion] ****************************
2017-04-24 10:04:21,477 p=27331 u=doronshai |  skipping: [central]
2017-04-24 10:04:21,484 p=27331 u=doronshai |  TASK [oracle-java : precondition - java_install_jce] ***************************
2017-04-24 10:04:21,509 p=27331 u=doronshai |  skipping: [central]
2017-04-24 10:04:21,513 p=27331 u=doronshai |  TASK [oracle-java : set general internal vars] *********************************
2017-04-24 10:04:21,550 p=27331 u=doronshai |  ok: [central]
2017-04-24 10:04:21,553 p=27331 u=doronshai |  TASK [oracle-java : set java architecture] *************************************
2017-04-24 10:04:21,595 p=27331 u=doronshai |  ok: [central]
2017-04-24 10:04:21,599 p=27331 u=doronshai |  TASK [oracle-java : set java OS for Linux] *************************************
2017-04-24 10:04:21,645 p=27331 u=doronshai |  ok: [central]
2017-04-24 10:04:21,648 p=27331 u=doronshai |  TASK [oracle-java : set java OS for Mac OS X] **********************************
2017-04-24 10:04:21,685 p=27331 u=doronshai |  skipping: [central]
2017-04-24 10:04:21,688 p=27331 u=doronshai |  TASK [oracle-java : set internal vars for 1.8.0_92 or 1.8.0_91] ****************
2017-04-24 10:04:21,731 p=27331 u=doronshai |  ok: [central]
2017-04-24 10:04:21,734 p=27331 u=doronshai |  TASK [oracle-java : set internal vars for 1.8.0_77] ****************************
2017-04-24 10:04:21,761 p=27331 u=doronshai |  skipping: [central]
2017-04-24 10:04:21,765 p=27331 u=doronshai |  TASK [oracle-java : set internal vars for 1.8.0_74] ****************************
2017-04-24 10:04:21,799 p=27331 u=doronshai |  skipping: [central]
2017-04-24 10:04:21,802 p=27331 u=doronshai |  TASK [oracle-java : set internal vars for 1.8.0_73] ****************************
2017-04-24 10:04:21,837 p=27331 u=doronshai |  skipping: [central]
2017-04-24 10:04:21,840 p=27331 u=doronshai |  TASK [oracle-java : set internal vars for 1.8.0_72] ****************************
2017-04-24 10:04:21,870 p=27331 u=doronshai |  skipping: [central]
2017-04-24 10:04:21,874 p=27331 u=doronshai |  TASK [oracle-java : set internal vars for 1.8.0_66] ****************************
2017-04-24 10:04:21,902 p=27331 u=doronshai |  skipping: [central]
2017-04-24 10:04:21,906 p=27331 u=doronshai |  TASK [oracle-java : set internal vars for 1.8.0_65] ****************************
2017-04-24 10:04:21,938 p=27331 u=doronshai |  skipping: [central]
2017-04-24 10:04:21,941 p=27331 u=doronshai |  TASK [oracle-java : set internal vars for 1.8.0_60] ****************************
2017-04-24 10:04:21,966 p=27331 u=doronshai |  skipping: [central]
2017-04-24 10:04:21,970 p=27331 u=doronshai |  TASK [oracle-java : set internal vars for 1.8.0_51] ****************************
2017-04-24 10:04:22,001 p=27331 u=doronshai |  skipping: [central]
2017-04-24 10:04:22,004 p=27331 u=doronshai |  TASK [oracle-java : set internal vars for 1.8.0_45] ****************************
2017-04-24 10:04:22,034 p=27331 u=doronshai |  skipping: [central]
2017-04-24 10:04:22,037 p=27331 u=doronshai |  TASK [oracle-java : set internal vars for 1.8.0_31] ****************************
2017-04-24 10:04:22,061 p=27331 u=doronshai |  skipping: [central]
2017-04-24 10:04:22,064 p=27331 u=doronshai |  TASK [oracle-java : set internal vars for 1.7.0_80] ****************************
2017-04-24 10:04:22,093 p=27331 u=doronshai |  skipping: [central]
2017-04-24 10:04:22,095 p=27331 u=doronshai |  TASK [oracle-java : set internal vars for 1.7.0_75] ****************************
2017-04-24 10:04:22,121 p=27331 u=doronshai |  skipping: [central]
2017-04-24 10:04:22,128 p=27331 u=doronshai |  TASK [oracle-java : set internal vars for generic Java version] ****************
2017-04-24 10:04:22,152 p=27331 u=doronshai |  skipping: [central]
2017-04-24 10:04:22,155 p=27331 u=doronshai |  TASK [oracle-java : compose filename, if necessary] ****************************
2017-04-24 10:04:22,193 p=27331 u=doronshai |  ok: [central]
2017-04-24 10:04:22,196 p=27331 u=doronshai |  TASK [oracle-java : compose url for downloading file, if necessary] ************
2017-04-24 10:04:22,234 p=27331 u=doronshai |  ok: [central]
2017-04-24 10:04:22,237 p=27331 u=doronshai |  TASK [oracle-java : set JCE variables for java 7] ******************************
2017-04-24 10:04:22,260 p=27331 u=doronshai |  skipping: [central]
2017-04-24 10:04:22,263 p=27331 u=doronshai |  TASK [oracle-java : set JCE variables for java 8] ******************************
2017-04-24 10:04:22,302 p=27331 u=doronshai |  ok: [central]
2017-04-24 10:04:22,305 p=27331 u=doronshai |  TASK [oracle-java : set JCE download file] *************************************
2017-04-24 10:04:22,340 p=27331 u=doronshai |  ok: [central]
2017-04-24 10:04:22,343 p=27331 u=doronshai |  TASK [oracle-java : set java installation directory on Debian platforms] *******
2017-04-24 10:04:22,367 p=27331 u=doronshai |  skipping: [central]
2017-04-24 10:04:22,371 p=27331 u=doronshai |  TASK [oracle-java : set java installation directory on Mac OS X] ***************
2017-04-24 10:04:22,398 p=27331 u=doronshai |  skipping: [central]
2017-04-24 10:04:22,401 p=27331 u=doronshai |  TASK [oracle-java : set java installation directory on non-Debian platforms] ***
2017-04-24 10:04:22,444 p=27331 u=doronshai |  ok: [central]
2017-04-24 10:04:22,446 p=27331 u=doronshai |  TASK [oracle-java : install libselinux-python binary for Ansible to work] ******
2017-04-24 10:04:24,881 p=27331 u=doronshai |  ok: [central]
2017-04-24 10:04:24,884 p=27331 u=doronshai |  TASK [oracle-java : copy scripts to server] ************************************
2017-04-24 10:04:28,390 p=27331 u=doronshai |  ok: [central]
2017-04-24 10:04:28,393 p=27331 u=doronshai |  TASK [oracle-java : check if specific version of Oracle JDK is installed?] *****
2017-04-24 10:04:30,236 p=27331 u=doronshai |  ok: [central]
2017-04-24 10:04:30,240 p=27331 u=doronshai |  TASK [oracle-java : get JDK tarball (as RPM file)] *****************************
2017-04-24 10:04:30,273 p=27331 u=doronshai |  skipping: [central]
2017-04-24 10:04:30,276 p=27331 u=doronshai |  TASK [oracle-java : get JDK tarball (as tar.gz file)] **************************
2017-04-24 10:04:30,304 p=27331 u=doronshai |  skipping: [central]
2017-04-24 10:04:30,308 p=27331 u=doronshai |  TASK [oracle-java : get JDK package (as Mac OS X .dmg)] ************************
2017-04-24 10:04:30,338 p=27331 u=doronshai |  skipping: [central]
2017-04-24 10:04:30,341 p=27331 u=doronshai |  TASK [oracle-java : get JCE] ***************************************************
2017-04-24 10:04:30,375 p=27331 u=doronshai |  skipping: [central]
2017-04-24 10:04:30,378 p=27331 u=doronshai |  TASK [oracle-java : copy RPM from local] ***************************************
2017-04-24 10:04:30,405 p=27331 u=doronshai |  skipping: [central]
2017-04-24 10:04:30,408 p=27331 u=doronshai |  TASK [oracle-java : copy tarball from local] ***********************************
2017-04-24 10:04:30,440 p=27331 u=doronshai |  skipping: [central]
2017-04-24 10:04:30,444 p=27331 u=doronshai |  TASK [oracle-java : copy JCE zip from local] ***********************************
2017-04-24 10:04:30,476 p=27331 u=doronshai |  skipping: [central]
2017-04-24 10:04:30,480 p=27331 u=doronshai |  TASK [oracle-java : uninstall messy packages to avoid blocking conditions] *****
2017-04-24 10:04:30,511 p=27331 u=doronshai |  skipping: [central]
2017-04-24 10:04:30,514 p=27331 u=doronshai |  TASK [oracle-java : delete messy .rpm files to avoid blocking conditions] ******
2017-04-24 10:04:30,545 p=27331 u=doronshai |  skipping: [central]
2017-04-24 10:04:30,548 p=27331 u=doronshai |  TASK [oracle-java : install JDK via RPM file with yum] *************************
2017-04-24 10:04:30,582 p=27331 u=doronshai |  skipping: [central]
2017-04-24 10:04:30,585 p=27331 u=doronshai |  TASK [oracle-java : symlink /usr/sbin/update-alternatives to /usr/sbin/alternatives] ***
2017-04-24 10:04:30,615 p=27331 u=doronshai |  skipping: [central]
2017-04-24 10:04:30,623 p=27331 u=doronshai |  TASK [oracle-java : check if pkg already installed] ****************************
2017-04-24 10:04:30,656 p=27331 u=doronshai |  skipping: [central]
2017-04-24 10:04:30,660 p=27331 u=doronshai |  TASK [oracle-java : install JDK via RPM file with rpm (for zypper)] ************
2017-04-24 10:04:30,696 p=27331 u=doronshai |  skipping: [central]
2017-04-24 10:04:30,699 p=27331 u=doronshai |  TASK [oracle-java : clean up - uninstall messy packages] ***********************
2017-04-24 10:04:30,738 p=27331 u=doronshai |  skipping: [central]
2017-04-24 10:04:30,743 p=27331 u=doronshai |  TASK [oracle-java : clean up - delete messy .rpm files] ************************
2017-04-24 10:04:30,806 p=27331 u=doronshai |  skipping: [central]
2017-04-24 10:04:30,834 p=27331 u=doronshai |  TASK [oracle-java : mkdir for Java] ********************************************
2017-04-24 10:04:30,895 p=27331 u=doronshai |  skipping: [central]
2017-04-24 10:04:30,898 p=27331 u=doronshai |  TASK [oracle-java : install JDK via tarball file] ******************************
2017-04-24 10:04:30,934 p=27331 u=doronshai |  skipping: [central]
2017-04-24 10:04:30,937 p=27331 u=doronshai |  TASK [oracle-java : mount the downloaded dmg] **********************************
2017-04-24 10:04:30,988 p=27331 u=doronshai |  skipping: [central]
2017-04-24 10:04:30,992 p=27331 u=doronshai |  TASK [oracle-java : install the pkg file from the dmg] *************************
2017-04-24 10:04:31,023 p=27331 u=doronshai |  skipping: [central]
2017-04-24 10:04:31,027 p=27331 u=doronshai |  TASK [oracle-java : unmount the downloaded dmg] ********************************
2017-04-24 10:04:31,055 p=27331 u=doronshai |  skipping: [central]
2017-04-24 10:04:31,059 p=27331 u=doronshai |  TASK [oracle-java : install unzip] *********************************************
2017-04-24 10:04:31,088 p=27331 u=doronshai |  skipping: [central]
2017-04-24 10:04:31,091 p=27331 u=doronshai |  TASK [oracle-java : unzip JCE] *************************************************
2017-04-24 10:04:31,122 p=27331 u=doronshai |  skipping: [central]
2017-04-24 10:04:31,126 p=27331 u=doronshai |  TASK [oracle-java : install local_policy.jar] **********************************
2017-04-24 10:04:31,149 p=27331 u=doronshai |  skipping: [central]
2017-04-24 10:04:31,152 p=27331 u=doronshai |  TASK [oracle-java : install US_export_policy.jar] ******************************
2017-04-24 10:04:31,182 p=27331 u=doronshai |  skipping: [central]
2017-04-24 10:04:31,185 p=27331 u=doronshai |  TASK [oracle-java : make sure /etc/profile.d exists] ***************************
2017-04-24 10:04:31,208 p=27331 u=doronshai |  skipping: [central]
2017-04-24 10:04:31,211 p=27331 u=doronshai |  TASK [oracle-java : export JAVA_HOME] ******************************************
2017-04-24 10:04:31,238 p=27331 u=doronshai |  skipping: [central]
2017-04-24 10:04:31,243 p=27331 u=doronshai |  TASK [oracle-java : link "/usr/java/default"] **********************************
2017-04-24 10:04:31,270 p=27331 u=doronshai |  skipping: [central]
2017-04-24 10:04:31,273 p=27331 u=doronshai |  TASK [oracle-java : alternatives link for "java"] ******************************
2017-04-24 10:04:31,297 p=27331 u=doronshai |  skipping: [central]
2017-04-24 10:04:31,300 p=27331 u=doronshai |  TASK [oracle-java : alternatives link for "javac"] *****************************
2017-04-24 10:04:31,330 p=27331 u=doronshai |  skipping: [central]
2017-04-24 10:04:31,332 p=27331 u=doronshai |  TASK [oracle-java : alternatives link for "jar"] *******************************
2017-04-24 10:04:31,359 p=27331 u=doronshai |  skipping: [central]
2017-04-24 10:04:31,362 p=27331 u=doronshai |  TASK [oracle-java : check if "java_sdk" target exists] *************************
2017-04-24 10:04:31,391 p=27331 u=doronshai |  skipping: [central]
2017-04-24 10:04:31,394 p=27331 u=doronshai |  TASK [oracle-java : alternatives link for "java_sdk"] **************************
2017-04-24 10:04:31,422 p=27331 u=doronshai |  skipping: [central]
2017-04-24 10:04:31,425 p=27331 u=doronshai |  TASK [oracle-java : remove temporary downloaded files, if requested] ***********
2017-04-24 10:04:31,459 p=27331 u=doronshai |  skipping: [central] => (item=/tmp/jdk-8u92-linux-x64.rpm) 
2017-04-24 10:04:31,468 p=27331 u=doronshai |  skipping: [central] => (item=/tmp/jdk-8u92-linux-x64.tar.gz) 
2017-04-24 10:04:31,474 p=27331 u=doronshai |  skipping: [central] => (item=/tmp/jdk-8u92-linux-x64.dmg) 
2017-04-24 10:04:31,480 p=27331 u=doronshai |  skipping: [central] => (item=/tmp/check-tarball-installed.sh) 
2017-04-24 10:04:31,488 p=27331 u=doronshai |  skipping: [central] => (item=/tmp/jce_policy-8.zip) 
2017-04-24 10:04:31,496 p=27331 u=doronshai |  skipping: [central] => (item=/tmp/UnlimitedJCEPolicyJDK8) 
2017-04-24 10:04:31,503 p=27331 u=doronshai |  TASK [simple-docker-daemon : Include RedHat vars] ******************************
2017-04-24 10:04:31,538 p=27331 u=doronshai |  ok: [central]
2017-04-24 10:04:31,543 p=27331 u=doronshai |  TASK [simple-docker-daemon : Include RedHat requirements] **********************
2017-04-24 10:04:31,582 p=27331 u=doronshai |  included: /Users/doronshai/code/openldap/galaxy-roles/simple-docker-daemon/tasks/RedHat-install.yml for central
2017-04-24 10:04:31,588 p=27331 u=doronshai |  TASK [simple-docker-daemon : rpm_key] ******************************************
2017-04-24 10:04:34,296 p=27331 u=doronshai |  ok: [central]
2017-04-24 10:04:34,300 p=27331 u=doronshai |  TASK [simple-docker-daemon : set docker daemon options] ************************
2017-04-24 10:04:38,097 p=27331 u=doronshai |  ok: [central]
2017-04-24 10:04:38,101 p=27331 u=doronshai |  TASK [simple-docker-daemon : create systemd drop-in directory] *****************
2017-04-24 10:04:39,810 p=27331 u=doronshai |  ok: [central]
2017-04-24 10:04:39,814 p=27331 u=doronshai |  TASK [simple-docker-daemon : configure proxy for docker service] ***************
2017-04-24 10:04:39,832 p=27331 u=doronshai |  skipping: [central]
2017-04-24 10:04:39,835 p=27331 u=doronshai |  TASK [simple-docker-daemon : check the docker service exists] ******************
2017-04-24 10:04:39,852 p=27331 u=doronshai |  skipping: [central]
2017-04-24 10:04:39,855 p=27331 u=doronshai |  TASK [simple-docker-daemon : restart docker service] ***************************
2017-04-24 10:04:39,881 p=27331 u=doronshai |  skipping: [central]
2017-04-24 10:04:39,884 p=27331 u=doronshai |  TASK [simple-docker-daemon : Install docker + reqs] ****************************
2017-04-24 10:04:43,724 p=27331 u=doronshai |  ok: [central] => (item=[u'docker-engine', u'python-pip'])
2017-04-24 10:04:43,728 p=27331 u=doronshai |  TASK [simple-docker-daemon : Upgrade pip] **************************************
2017-04-24 10:04:46,120 p=27331 u=doronshai |  ok: [central]
2017-04-24 10:04:46,123 p=27331 u=doronshai |  TASK [simple-docker-daemon : Install docker-py] ********************************
2017-04-24 10:04:48,625 p=27331 u=doronshai |  ok: [central]
2017-04-24 10:04:48,629 p=27331 u=doronshai |  TASK [simple-docker-daemon : Add users to the docker group] ********************
2017-04-24 10:04:50,438 p=27331 u=doronshai |  ok: [central] => (item=tikal)
2017-04-24 10:04:50,443 p=27331 u=doronshai |  TASK [simple-docker-daemon : start docker service] *****************************
2017-04-24 10:04:52,466 p=27331 u=doronshai |  ok: [central]
2017-04-24 10:04:52,469 p=27331 u=doronshai |  TASK [simple-docker-daemon : wait until docker service is up] ******************
2017-04-24 10:04:52,499 p=27331 u=doronshai |  skipping: [central]
2017-04-24 10:04:52,506 p=27331 u=doronshai |  TASK [ansible-role-portainer : Stop portainer container] ***********************
2017-04-24 10:04:54,637 p=27331 u=doronshai |  changed: [central]
2017-04-24 10:04:54,641 p=27331 u=doronshai |  TASK [ansible-role-portainer : Run portainer container] ************************
2017-04-24 10:04:56,985 p=27331 u=doronshai |  changed: [central]
2017-04-24 10:04:56,988 p=27331 u=doronshai |  TASK [ansible-role-portainer : Set admin password for Portainer] ***************
2017-04-24 10:04:58,967 p=27331 u=doronshai |  ok: [central]
2017-04-24 10:04:58,970 p=27331 u=doronshai |  TASK [ansible-role-portainer : Authenticate against the API (for cluster)] *****
2017-04-24 10:04:58,997 p=27331 u=doronshai |  skipping: [central]
2017-04-24 10:04:59,005 p=27331 u=doronshai |  TASK [ansible-role-portainer : debug] ******************************************
2017-04-24 10:04:59,030 p=27331 u=doronshai |  skipping: [central]
2017-04-24 10:04:59,033 p=27331 u=doronshai |  TASK [ansible-role-portainer : Define endpoints] *******************************
2017-04-24 10:04:59,065 p=27331 u=doronshai |  skipping: [central]
2017-04-24 10:04:59,068 p=27331 u=doronshai |  TASK [ansible-role-dockerized-openldap : include] ******************************
2017-04-24 10:04:59,114 p=27331 u=doronshai |  included: /Users/doronshai/code/openldap/site-roles/ansible-role-dockerized-openldap/tasks/cleanup.yml for central
2017-04-24 10:04:59,120 p=27331 u=doronshai |  TASK [ansible-role-dockerized-openldap : Stop OpenLdap container] **************
2017-04-24 10:05:00,952 p=27331 u=doronshai |  changed: [central]
2017-04-24 10:05:00,959 p=27331 u=doronshai |  TASK [ansible-role-dockerized-openldap : Stop phpldapadmin container] **********
2017-04-24 10:05:02,775 p=27331 u=doronshai |  changed: [central]
2017-04-24 10:05:02,779 p=27331 u=doronshai |  TASK [ansible-role-dockerized-openldap : Run openldap backup container] ********
2017-04-24 10:05:04,926 p=27331 u=doronshai |  ok: [central]
2017-04-24 10:05:04,929 p=27331 u=doronshai |  TASK [ansible-role-dockerized-openldap : Remove docker images] *****************
2017-04-24 10:05:04,981 p=27331 u=doronshai |  skipping: [central] => (item=osixia/openldap:1.1.8) 
2017-04-24 10:05:04,994 p=27331 u=doronshai |  skipping: [central] => (item=osixia/phpldapadmin:0.6.12) 
2017-04-24 10:05:05,001 p=27331 u=doronshai |  TASK [ansible-role-dockerized-openldap : Create Docker-host directories] *******
2017-04-24 10:05:06,773 p=27331 u=doronshai |  ok: [central] => (item=/etc/ldap/slapd.d)
2017-04-24 10:05:08,875 p=27331 u=doronshai |  ok: [central] => (item=/var/lib/ldap)
2017-04-24 10:05:10,873 p=27331 u=doronshai |  ok: [central] => (item=/var/lib/ldap-backup)
2017-04-24 10:05:10,878 p=27331 u=doronshai |  TASK [ansible-role-dockerized-openldap : Generate config file] *****************
2017-04-24 10:05:14,075 p=27331 u=doronshai |  ok: [central]
2017-04-24 10:05:14,078 p=27331 u=doronshai |  TASK [ansible-role-dockerized-openldap : Run OpenLdap container] ***************
2017-04-24 10:05:16,098 p=27331 u=doronshai |  changed: [central]
2017-04-24 10:05:16,102 p=27331 u=doronshai |  TASK [ansible-role-dockerized-openldap : Run phpldapadmin container] ***********
2017-04-24 10:05:18,711 p=27331 u=doronshai |  changed: [central]
2017-04-24 10:05:18,715 p=27331 u=doronshai |  TASK [ansible-role-dockerized-openldap : Run openldap backup container] ********
2017-04-24 10:05:21,737 p=27331 u=doronshai |  fatal: [central]: FAILED! => {"changed": false, "failed": true, "msg": "Error starting container e3327dbdc177122fe201c11b28ccb556688bd2046d4aaa5372d2bdd79b236871: 500 Server Error: Internal Server Error (\"{\"message\":\"Cannot link to a non running container: /openldap-service AS /openldap-backup/ldap-host\"}\")"}
2017-04-24 10:05:21,745 p=27331 u=doronshai |  	to retry, use: --limit @/Users/doronshai/code/openldap/playbooks/tikal-central.retry

2017-04-24 10:05:21,745 p=27331 u=doronshai |  PLAY RECAP *********************************************************************
2017-04-24 10:05:21,746 p=27331 u=doronshai |  central                    : ok=46   changed=8    unreachable=0    failed=1   
